
state 0
	$accept: .contract_declaration $end 

	CONTRACT  shift 2
	.  error

	contract_declaration  goto 1

state 1
	$accept:  contract_declaration.$end 
	contract_declaration:  contract_declaration.NEWLINE 

	$end  accept
	NEWLINE  shift 3
	.  error


state 2
	contract_declaration:  CONTRACT.IDENT contract_read LBRACE NEWLINE contract_body RBRACE 

	IDENT  shift 4
	.  error


state 3
	contract_declaration:  contract_declaration NEWLINE.    (94)

	.  reduce 94 (src line 295)


state 4
	contract_declaration:  CONTRACT IDENT.contract_read LBRACE NEWLINE contract_body RBRACE 
	contract_read: .    (91)

	READ  shift 6
	.  reduce 91 (src line 285)

	contract_read  goto 5

state 5
	contract_declaration:  CONTRACT IDENT contract_read.LBRACE NEWLINE contract_body RBRACE 

	LBRACE  shift 7
	.  error


state 6
	contract_read:  READ.    (92)

	.  reduce 92 (src line 287)


state 7
	contract_declaration:  CONTRACT IDENT contract_read LBRACE.NEWLINE contract_body RBRACE 

	NEWLINE  shift 8
	.  error


state 8
	contract_declaration:  CONTRACT IDENT contract_read LBRACE NEWLINE.contract_body RBRACE 
	contract_data: .    (88)

	DATA  shift 11
	.  reduce 88 (src line 274)

	contract_data  goto 10
	contract_body  goto 9

state 9
	contract_declaration:  CONTRACT IDENT contract_read LBRACE NEWLINE contract_body.RBRACE 

	RBRACE  shift 12
	.  error


state 10
	contract_body:  contract_data.statements 
	statements: .    (1)

	.  reduce 1 (src line 129)

	statements  goto 13

state 11
	contract_data:  DATA.LBRACE NEWLINE var_declarations NEWLINE RBRACE NEWLINE 

	LBRACE  shift 14
	.  error


state 12
	contract_declaration:  CONTRACT IDENT contract_read LBRACE NEWLINE contract_body RBRACE.    (93)

	.  reduce 93 (src line 290)


state 13
	statements:  statements.NEWLINE 
	statements:  statements.switch 
	statements:  statements.statement NEWLINE 
	contract_body:  contract_data statements.    (90)

	IDENT  shift 31
	CALL  shift 28
	CALLCONTRACT  shift 29
	INDEX  shift 32
	NEWLINE  shift 15
	BREAK  shift 23
	CONTINUE  shift 24
	IF  shift 22
	RETURN  shift 25
	WHILE  shift 26
	FUNC  shift 27
	FOR  shift 30
	SWITCH  shift 18
	VAR  shift 21
	.  reduce 90 (src line 279)

	variable  goto 19
	switch  goto 16
	statement  goto 17
	index  goto 20

state 14
	contract_data:  DATA LBRACE.NEWLINE var_declarations NEWLINE RBRACE NEWLINE 

	NEWLINE  shift 33
	.  error


state 15
	statements:  statements NEWLINE.    (2)

	.  reduce 2 (src line 131)


state 16
	statements:  statements switch.    (3)

	.  reduce 3 (src line 132)


state 17
	statements:  statements statement.NEWLINE 

	NEWLINE  shift 34
	.  error


state 18
	switch:  SWITCH.expr NEWLINE case default 

	IDENT  shift 47
	ENV  shift 46
	CALL  shift 43
	CALLCONTRACT  shift 44
	INDEX  shift 32
	INT  shift 37
	FLOAT  shift 38
	STRING  shift 39
	QSTRING  shift 40
	TRUE  shift 41
	FALSE  shift 42
	LPAREN  shift 36
	LBRACE  shift 49
	LBRACKET  shift 48
	SUB  shift 50
	NOT  shift 51
	.  error

	expr  goto 35
	index  goto 45

state 19
	statement:  variable.ASSIGN expr 
	statement:  variable.ADD_ASSIGN expr 
	statement:  variable.SUB_ASSIGN expr 
	statement:  variable.MUL_ASSIGN expr 
	statement:  variable.DIV_ASSIGN expr 
	statement:  variable.MOD_ASSIGN expr 

	ADD_ASSIGN  shift 53
	SUB_ASSIGN  shift 54
	MUL_ASSIGN  shift 55
	DIV_ASSIGN  shift 56
	MOD_ASSIGN  shift 57
	ASSIGN  shift 52
	.  error


state 20
	index:  index.LBRACKET expr RBRACKET 
	statement:  index.ASSIGN expr 

	LBRACKET  shift 58
	ASSIGN  shift 59
	.  error


state 21
	statement:  VAR.IDENT ASSIGN expr 
	statement:  VAR.ident_list 

	IDENT  shift 60
	.  error

	ident_list  goto 61

state 22
	statement:  IF.expr LBRACE statements RBRACE elif else 

	IDENT  shift 47
	ENV  shift 46
	CALL  shift 43
	CALLCONTRACT  shift 44
	INDEX  shift 32
	INT  shift 37
	FLOAT  shift 38
	STRING  shift 39
	QSTRING  shift 40
	TRUE  shift 41
	FALSE  shift 42
	LPAREN  shift 36
	LBRACE  shift 49
	LBRACKET  shift 48
	SUB  shift 50
	NOT  shift 51
	.  error

	expr  goto 62
	index  goto 45

state 23
	statement:  BREAK.    (33)

	.  reduce 33 (src line 190)


state 24
	statement:  CONTINUE.    (34)

	.  reduce 34 (src line 191)


state 25
	statement:  RETURN.    (35)
	statement:  RETURN.expr 

	IDENT  shift 47
	ENV  shift 46
	CALL  shift 43
	CALLCONTRACT  shift 44
	INDEX  shift 32
	INT  shift 37
	FLOAT  shift 38
	STRING  shift 39
	QSTRING  shift 40
	TRUE  shift 41
	FALSE  shift 42
	LPAREN  shift 36
	LBRACE  shift 49
	LBRACKET  shift 48
	SUB  shift 50
	NOT  shift 51
	.  reduce 35 (src line 192)

	expr  goto 63
	index  goto 45

state 26
	statement:  WHILE.expr LBRACE statements RBRACE 

	IDENT  shift 47
	ENV  shift 46
	CALL  shift 43
	CALLCONTRACT  shift 44
	INDEX  shift 32
	INT  shift 37
	FLOAT  shift 38
	STRING  shift 39
	QSTRING  shift 40
	TRUE  shift 41
	FALSE  shift 42
	LPAREN  shift 36
	LBRACE  shift 49
	LBRACKET  shift 48
	SUB  shift 50
	NOT  shift 51
	.  error

	expr  goto 64
	index  goto 45

state 27
	statement:  FUNC.CALL par_declarations RPAREN LBRACE statements RBRACE 

	CALL  shift 65
	.  error


state 28
	statement:  CALL.params RPAREN 
	params: .    (5)

	IDENT  shift 47
	ENV  shift 46
	CALL  shift 43
	CALLCONTRACT  shift 44
	INDEX  shift 32
	INT  shift 37
	FLOAT  shift 38
	STRING  shift 39
	QSTRING  shift 40
	TRUE  shift 41
	FALSE  shift 42
	LPAREN  shift 36
	LBRACE  shift 49
	LBRACKET  shift 48
	SUB  shift 50
	NOT  shift 51
	.  reduce 5 (src line 136)

	params  goto 66
	expr  goto 67
	index  goto 45

state 29
	statement:  CALLCONTRACT.cntparams RPAREN 
	cntparams: .    (8)

	IDENT  shift 69
	.  reduce 8 (src line 142)

	cntparams  goto 68

state 30
	statement:  FOR.IDENT IN expr LBRACE statements RBRACE 
	statement:  FOR.IDENT COMMA IDENT IN expr LBRACE statements RBRACE 
	statement:  FOR.IDENT IN expr DOUBLEDOT expr LBRACE statements RBRACE 

	IDENT  shift 70
	.  error


state 31
	variable:  IDENT.    (11)

	.  reduce 11 (src line 148)


state 32
	index:  INDEX.expr RBRACKET 

	IDENT  shift 47
	ENV  shift 46
	CALL  shift 43
	CALLCONTRACT  shift 44
	INDEX  shift 32
	INT  shift 37
	FLOAT  shift 38
	STRING  shift 39
	QSTRING  shift 40
	TRUE  shift 41
	FALSE  shift 42
	LPAREN  shift 36
	LBRACE  shift 49
	LBRACKET  shift 48
	SUB  shift 50
	NOT  shift 51
	.  error

	expr  goto 71
	index  goto 45

state 33
	contract_data:  DATA LBRACE NEWLINE.var_declarations NEWLINE RBRACE NEWLINE 

	VAR  shift 74
	.  error

	var_declaration  goto 73
	var_declarations  goto 72

state 34
	statements:  statements statement NEWLINE.    (4)

	.  reduce 4 (src line 133)


state 35
	switch:  SWITCH expr.NEWLINE case default 
	expr:  expr.MUL expr 
	expr:  expr.DIV expr 
	expr:  expr.ADD expr 
	expr:  expr.SUB expr 
	expr:  expr.MOD expr 
	expr:  expr.AND expr 
	expr:  expr.OR expr 
	expr:  expr.EQ expr 
	expr:  expr.NOT_EQ expr 
	expr:  expr.LTE expr 
	expr:  expr.GTE expr 
	expr:  expr.LT expr 
	expr:  expr.GT expr 

	NEWLINE  shift 75
	ADD  shift 78
	SUB  shift 79
	MUL  shift 76
	DIV  shift 77
	MOD  shift 80
	AND  shift 81
	OR  shift 82
	EQ  shift 83
	NOT_EQ  shift 84
	LT  shift 87
	GT  shift 88
	LTE  shift 85
	GTE  shift 86
	.  error


state 36
	expr:  LPAREN.expr RPAREN 

	IDENT  shift 47
	ENV  shift 46
	CALL  shift 43
	CALLCONTRACT  shift 44
	INDEX  shift 32
	INT  shift 37
	FLOAT  shift 38
	STRING  shift 39
	QSTRING  shift 40
	TRUE  shift 41
	FALSE  shift 42
	LPAREN  shift 36
	LBRACE  shift 49
	LBRACKET  shift 48
	SUB  shift 50
	NOT  shift 51
	.  error

	expr  goto 89
	index  goto 45

state 37
	expr:  INT.    (50)

	.  reduce 50 (src line 218)


state 38
	expr:  FLOAT.    (51)

	.  reduce 51 (src line 219)


state 39
	expr:  STRING.    (52)

	.  reduce 52 (src line 220)


state 40
	expr:  QSTRING.    (53)

	.  reduce 53 (src line 221)


state 41
	expr:  TRUE.    (54)

	.  reduce 54 (src line 222)


state 42
	expr:  FALSE.    (55)

	.  reduce 55 (src line 223)


state 43
	expr:  CALL.params RPAREN 
	params: .    (5)

	IDENT  shift 47
	ENV  shift 46
	CALL  shift 43
	CALLCONTRACT  shift 44
	INDEX  shift 32
	INT  shift 37
	FLOAT  shift 38
	STRING  shift 39
	QSTRING  shift 40
	TRUE  shift 41
	FALSE  shift 42
	LPAREN  shift 36
	LBRACE  shift 49
	LBRACKET  shift 48
	SUB  shift 50
	NOT  shift 51
	.  reduce 5 (src line 136)

	params  goto 90
	expr  goto 67
	index  goto 45

state 44
	expr:  CALLCONTRACT.cntparams RPAREN 
	cntparams: .    (8)

	IDENT  shift 69
	.  reduce 8 (src line 142)

	cntparams  goto 91

state 45
	index:  index.LBRACKET expr RBRACKET 
	expr:  index.    (58)

	LBRACKET  shift 58
	.  reduce 58 (src line 226)


state 46
	expr:  ENV.    (59)

	.  reduce 59 (src line 227)


state 47
	expr:  IDENT.    (60)

	.  reduce 60 (src line 228)


state 48
	expr:  LBRACKET.exprlist RBRACKET 

	IDENT  shift 47
	ENV  shift 46
	CALL  shift 43
	CALLCONTRACT  shift 44
	INDEX  shift 32
	INT  shift 37
	FLOAT  shift 38
	STRING  shift 39
	QSTRING  shift 40
	TRUE  shift 41
	FALSE  shift 42
	LPAREN  shift 36
	LBRACE  shift 49
	LBRACKET  shift 48
	SUB  shift 50
	NOT  shift 51
	.  error

	expr  goto 93
	index  goto 45
	exprlist  goto 92

state 49
	expr:  LBRACE.exprmaplist RBRACE 

	STRING  shift 95
	.  error

	exprmaplist  goto 94

state 50
	expr:  SUB.expr 

	IDENT  shift 47
	ENV  shift 46
	CALL  shift 43
	CALLCONTRACT  shift 44
	INDEX  shift 32
	INT  shift 37
	FLOAT  shift 38
	STRING  shift 39
	QSTRING  shift 40
	TRUE  shift 41
	FALSE  shift 42
	LPAREN  shift 36
	LBRACE  shift 49
	LBRACKET  shift 48
	SUB  shift 50
	NOT  shift 51
	.  error

	expr  goto 96
	index  goto 45

state 51
	expr:  NOT.expr 

	IDENT  shift 47
	ENV  shift 46
	CALL  shift 43
	CALLCONTRACT  shift 44
	INDEX  shift 32
	INT  shift 37
	FLOAT  shift 38
	STRING  shift 39
	QSTRING  shift 40
	TRUE  shift 41
	FALSE  shift 42
	LPAREN  shift 36
	LBRACE  shift 49
	LBRACKET  shift 48
	SUB  shift 50
	NOT  shift 51
	.  error

	expr  goto 97
	index  goto 45

state 52
	statement:  variable ASSIGN.expr 

	IDENT  shift 47
	ENV  shift 46
	CALL  shift 43
	CALLCONTRACT  shift 44
	INDEX  shift 32
	INT  shift 37
	FLOAT  shift 38
	STRING  shift 39
	QSTRING  shift 40
	TRUE  shift 41
	FALSE  shift 42
	LPAREN  shift 36
	LBRACE  shift 49
	LBRACKET  shift 48
	SUB  shift 50
	NOT  shift 51
	.  error

	expr  goto 98
	index  goto 45

state 53
	statement:  variable ADD_ASSIGN.expr 

	IDENT  shift 47
	ENV  shift 46
	CALL  shift 43
	CALLCONTRACT  shift 44
	INDEX  shift 32
	INT  shift 37
	FLOAT  shift 38
	STRING  shift 39
	QSTRING  shift 40
	TRUE  shift 41
	FALSE  shift 42
	LPAREN  shift 36
	LBRACE  shift 49
	LBRACKET  shift 48
	SUB  shift 50
	NOT  shift 51
	.  error

	expr  goto 99
	index  goto 45

state 54
	statement:  variable SUB_ASSIGN.expr 

	IDENT  shift 47
	ENV  shift 46
	CALL  shift 43
	CALLCONTRACT  shift 44
	INDEX  shift 32
	INT  shift 37
	FLOAT  shift 38
	STRING  shift 39
	QSTRING  shift 40
	TRUE  shift 41
	FALSE  shift 42
	LPAREN  shift 36
	LBRACE  shift 49
	LBRACKET  shift 48
	SUB  shift 50
	NOT  shift 51
	.  error

	expr  goto 100
	index  goto 45

state 55
	statement:  variable MUL_ASSIGN.expr 

	IDENT  shift 47
	ENV  shift 46
	CALL  shift 43
	CALLCONTRACT  shift 44
	INDEX  shift 32
	INT  shift 37
	FLOAT  shift 38
	STRING  shift 39
	QSTRING  shift 40
	TRUE  shift 41
	FALSE  shift 42
	LPAREN  shift 36
	LBRACE  shift 49
	LBRACKET  shift 48
	SUB  shift 50
	NOT  shift 51
	.  error

	expr  goto 101
	index  goto 45

state 56
	statement:  variable DIV_ASSIGN.expr 

	IDENT  shift 47
	ENV  shift 46
	CALL  shift 43
	CALLCONTRACT  shift 44
	INDEX  shift 32
	INT  shift 37
	FLOAT  shift 38
	STRING  shift 39
	QSTRING  shift 40
	TRUE  shift 41
	FALSE  shift 42
	LPAREN  shift 36
	LBRACE  shift 49
	LBRACKET  shift 48
	SUB  shift 50
	NOT  shift 51
	.  error

	expr  goto 102
	index  goto 45

state 57
	statement:  variable MOD_ASSIGN.expr 

	IDENT  shift 47
	ENV  shift 46
	CALL  shift 43
	CALLCONTRACT  shift 44
	INDEX  shift 32
	INT  shift 37
	FLOAT  shift 38
	STRING  shift 39
	QSTRING  shift 40
	TRUE  shift 41
	FALSE  shift 42
	LPAREN  shift 36
	LBRACE  shift 49
	LBRACKET  shift 48
	SUB  shift 50
	NOT  shift 51
	.  error

	expr  goto 103
	index  goto 45

state 58
	index:  index LBRACKET.expr RBRACKET 

	IDENT  shift 47
	ENV  shift 46
	CALL  shift 43
	CALLCONTRACT  shift 44
	INDEX  shift 32
	INT  shift 37
	FLOAT  shift 38
	STRING  shift 39
	QSTRING  shift 40
	TRUE  shift 41
	FALSE  shift 42
	LPAREN  shift 36
	LBRACE  shift 49
	LBRACKET  shift 48
	SUB  shift 50
	NOT  shift 51
	.  error

	expr  goto 104
	index  goto 45

state 59
	statement:  index ASSIGN.expr 

	IDENT  shift 47
	ENV  shift 46
	CALL  shift 43
	CALLCONTRACT  shift 44
	INDEX  shift 32
	INT  shift 37
	FLOAT  shift 38
	STRING  shift 39
	QSTRING  shift 40
	TRUE  shift 41
	FALSE  shift 42
	LPAREN  shift 36
	LBRACE  shift 49
	LBRACKET  shift 48
	SUB  shift 50
	NOT  shift 51
	.  error

	expr  goto 105
	index  goto 45

state 60
	statement:  VAR IDENT.ASSIGN expr 
	ident_list:  IDENT.    (78)

	ASSIGN  shift 106
	.  reduce 78 (src line 249)


state 61
	statement:  VAR ident_list.    (31)
	ident_list:  ident_list.IDENT 

	IDENT  shift 107
	.  reduce 31 (src line 188)


state 62
	statement:  IF expr.LBRACE statements RBRACE elif else 
	expr:  expr.MUL expr 
	expr:  expr.DIV expr 
	expr:  expr.ADD expr 
	expr:  expr.SUB expr 
	expr:  expr.MOD expr 
	expr:  expr.AND expr 
	expr:  expr.OR expr 
	expr:  expr.EQ expr 
	expr:  expr.NOT_EQ expr 
	expr:  expr.LTE expr 
	expr:  expr.GTE expr 
	expr:  expr.LT expr 
	expr:  expr.GT expr 

	LBRACE  shift 108
	ADD  shift 78
	SUB  shift 79
	MUL  shift 76
	DIV  shift 77
	MOD  shift 80
	AND  shift 81
	OR  shift 82
	EQ  shift 83
	NOT_EQ  shift 84
	LT  shift 87
	GT  shift 88
	LTE  shift 85
	GTE  shift 86
	.  error


state 63
	statement:  RETURN expr.    (36)
	expr:  expr.MUL expr 
	expr:  expr.DIV expr 
	expr:  expr.ADD expr 
	expr:  expr.SUB expr 
	expr:  expr.MOD expr 
	expr:  expr.AND expr 
	expr:  expr.OR expr 
	expr:  expr.EQ expr 
	expr:  expr.NOT_EQ expr 
	expr:  expr.LTE expr 
	expr:  expr.GTE expr 
	expr:  expr.LT expr 
	expr:  expr.GT expr 

	ADD  shift 78
	SUB  shift 79
	MUL  shift 76
	DIV  shift 77
	MOD  shift 80
	AND  shift 81
	OR  shift 82
	EQ  shift 83
	NOT_EQ  shift 84
	LT  shift 87
	GT  shift 88
	LTE  shift 85
	GTE  shift 86
	.  reduce 36 (src line 193)


state 64
	statement:  WHILE expr.LBRACE statements RBRACE 
	expr:  expr.MUL expr 
	expr:  expr.DIV expr 
	expr:  expr.ADD expr 
	expr:  expr.SUB expr 
	expr:  expr.MOD expr 
	expr:  expr.AND expr 
	expr:  expr.OR expr 
	expr:  expr.EQ expr 
	expr:  expr.NOT_EQ expr 
	expr:  expr.LTE expr 
	expr:  expr.GTE expr 
	expr:  expr.LT expr 
	expr:  expr.GT expr 

	LBRACE  shift 109
	ADD  shift 78
	SUB  shift 79
	MUL  shift 76
	DIV  shift 77
	MOD  shift 80
	AND  shift 81
	OR  shift 82
	EQ  shift 83
	NOT_EQ  shift 84
	LT  shift 87
	GT  shift 88
	LTE  shift 85
	GTE  shift 86
	.  error


state 65
	statement:  FUNC CALL.par_declarations RPAREN LBRACE statements RBRACE 
	par_declarations: .    (81)

	IDENT  shift 113
	.  reduce 81 (src line 258)

	ident_list  goto 112
	par_declaration  goto 111
	par_declarations  goto 110

state 66
	params:  params.COMMA expr 
	statement:  CALL params.RPAREN 

	COMMA  shift 114
	RPAREN  shift 115
	.  error


state 67
	params:  expr.    (6)
	expr:  expr.MUL expr 
	expr:  expr.DIV expr 
	expr:  expr.ADD expr 
	expr:  expr.SUB expr 
	expr:  expr.MOD expr 
	expr:  expr.AND expr 
	expr:  expr.OR expr 
	expr:  expr.EQ expr 
	expr:  expr.NOT_EQ expr 
	expr:  expr.LTE expr 
	expr:  expr.GTE expr 
	expr:  expr.LT expr 
	expr:  expr.GT expr 

	ADD  shift 78
	SUB  shift 79
	MUL  shift 76
	DIV  shift 77
	MOD  shift 80
	AND  shift 81
	OR  shift 82
	EQ  shift 83
	NOT_EQ  shift 84
	LT  shift 87
	GT  shift 88
	LTE  shift 85
	GTE  shift 86
	.  reduce 6 (src line 138)


state 68
	cntparams:  cntparams.COMMA IDENT COLON expr 
	statement:  CALLCONTRACT cntparams.RPAREN 

	COMMA  shift 116
	RPAREN  shift 117
	.  error


state 69
	cntparams:  IDENT.COLON expr 

	COLON  shift 118
	.  error


state 70
	statement:  FOR IDENT.IN expr LBRACE statements RBRACE 
	statement:  FOR IDENT.COMMA IDENT IN expr LBRACE statements RBRACE 
	statement:  FOR IDENT.IN expr DOUBLEDOT expr LBRACE statements RBRACE 

	COMMA  shift 120
	IN  shift 119
	.  error


state 71
	index:  INDEX expr.RBRACKET 
	expr:  expr.MUL expr 
	expr:  expr.DIV expr 
	expr:  expr.ADD expr 
	expr:  expr.SUB expr 
	expr:  expr.MOD expr 
	expr:  expr.AND expr 
	expr:  expr.OR expr 
	expr:  expr.EQ expr 
	expr:  expr.NOT_EQ expr 
	expr:  expr.LTE expr 
	expr:  expr.GTE expr 
	expr:  expr.LT expr 
	expr:  expr.GT expr 

	RBRACKET  shift 121
	ADD  shift 78
	SUB  shift 79
	MUL  shift 76
	DIV  shift 77
	MOD  shift 80
	AND  shift 81
	OR  shift 82
	EQ  shift 83
	NOT_EQ  shift 84
	LT  shift 87
	GT  shift 88
	LTE  shift 85
	GTE  shift 86
	.  error


state 72
	var_declarations:  var_declarations.NEWLINE var_declaration 
	contract_data:  DATA LBRACE NEWLINE var_declarations.NEWLINE RBRACE NEWLINE 

	NEWLINE  shift 122
	.  error


state 73
	var_declarations:  var_declaration.    (86)

	.  reduce 86 (src line 269)


state 74
	var_declaration:  VAR.ident_list 
	var_declaration:  VAR.IDENT ASSIGN expr 

	IDENT  shift 124
	.  error

	ident_list  goto 123

state 75
	switch:  SWITCH expr NEWLINE.case default 
	case: .    (18)

	.  reduce 18 (src line 165)

	case  goto 125

state 76
	expr:  expr MUL.expr 

	IDENT  shift 47
	ENV  shift 46
	CALL  shift 43
	CALLCONTRACT  shift 44
	INDEX  shift 32
	INT  shift 37
	FLOAT  shift 38
	STRING  shift 39
	QSTRING  shift 40
	TRUE  shift 41
	FALSE  shift 42
	LPAREN  shift 36
	LBRACE  shift 49
	LBRACKET  shift 48
	SUB  shift 50
	NOT  shift 51
	.  error

	expr  goto 126
	index  goto 45

state 77
	expr:  expr DIV.expr 

	IDENT  shift 47
	ENV  shift 46
	CALL  shift 43
	CALLCONTRACT  shift 44
	INDEX  shift 32
	INT  shift 37
	FLOAT  shift 38
	STRING  shift 39
	QSTRING  shift 40
	TRUE  shift 41
	FALSE  shift 42
	LPAREN  shift 36
	LBRACE  shift 49
	LBRACKET  shift 48
	SUB  shift 50
	NOT  shift 51
	.  error

	expr  goto 127
	index  goto 45

state 78
	expr:  expr ADD.expr 

	IDENT  shift 47
	ENV  shift 46
	CALL  shift 43
	CALLCONTRACT  shift 44
	INDEX  shift 32
	INT  shift 37
	FLOAT  shift 38
	STRING  shift 39
	QSTRING  shift 40
	TRUE  shift 41
	FALSE  shift 42
	LPAREN  shift 36
	LBRACE  shift 49
	LBRACKET  shift 48
	SUB  shift 50
	NOT  shift 51
	.  error

	expr  goto 128
	index  goto 45

state 79
	expr:  expr SUB.expr 

	IDENT  shift 47
	ENV  shift 46
	CALL  shift 43
	CALLCONTRACT  shift 44
	INDEX  shift 32
	INT  shift 37
	FLOAT  shift 38
	STRING  shift 39
	QSTRING  shift 40
	TRUE  shift 41
	FALSE  shift 42
	LPAREN  shift 36
	LBRACE  shift 49
	LBRACKET  shift 48
	SUB  shift 50
	NOT  shift 51
	.  error

	expr  goto 129
	index  goto 45

state 80
	expr:  expr MOD.expr 

	IDENT  shift 47
	ENV  shift 46
	CALL  shift 43
	CALLCONTRACT  shift 44
	INDEX  shift 32
	INT  shift 37
	FLOAT  shift 38
	STRING  shift 39
	QSTRING  shift 40
	TRUE  shift 41
	FALSE  shift 42
	LPAREN  shift 36
	LBRACE  shift 49
	LBRACKET  shift 48
	SUB  shift 50
	NOT  shift 51
	.  error

	expr  goto 130
	index  goto 45

state 81
	expr:  expr AND.expr 

	IDENT  shift 47
	ENV  shift 46
	CALL  shift 43
	CALLCONTRACT  shift 44
	INDEX  shift 32
	INT  shift 37
	FLOAT  shift 38
	STRING  shift 39
	QSTRING  shift 40
	TRUE  shift 41
	FALSE  shift 42
	LPAREN  shift 36
	LBRACE  shift 49
	LBRACKET  shift 48
	SUB  shift 50
	NOT  shift 51
	.  error

	expr  goto 131
	index  goto 45

state 82
	expr:  expr OR.expr 

	IDENT  shift 47
	ENV  shift 46
	CALL  shift 43
	CALLCONTRACT  shift 44
	INDEX  shift 32
	INT  shift 37
	FLOAT  shift 38
	STRING  shift 39
	QSTRING  shift 40
	TRUE  shift 41
	FALSE  shift 42
	LPAREN  shift 36
	LBRACE  shift 49
	LBRACKET  shift 48
	SUB  shift 50
	NOT  shift 51
	.  error

	expr  goto 132
	index  goto 45

state 83
	expr:  expr EQ.expr 

	IDENT  shift 47
	ENV  shift 46
	CALL  shift 43
	CALLCONTRACT  shift 44
	INDEX  shift 32
	INT  shift 37
	FLOAT  shift 38
	STRING  shift 39
	QSTRING  shift 40
	TRUE  shift 41
	FALSE  shift 42
	LPAREN  shift 36
	LBRACE  shift 49
	LBRACKET  shift 48
	SUB  shift 50
	NOT  shift 51
	.  error

	expr  goto 133
	index  goto 45

state 84
	expr:  expr NOT_EQ.expr 

	IDENT  shift 47
	ENV  shift 46
	CALL  shift 43
	CALLCONTRACT  shift 44
	INDEX  shift 32
	INT  shift 37
	FLOAT  shift 38
	STRING  shift 39
	QSTRING  shift 40
	TRUE  shift 41
	FALSE  shift 42
	LPAREN  shift 36
	LBRACE  shift 49
	LBRACKET  shift 48
	SUB  shift 50
	NOT  shift 51
	.  error

	expr  goto 134
	index  goto 45

state 85
	expr:  expr LTE.expr 

	IDENT  shift 47
	ENV  shift 46
	CALL  shift 43
	CALLCONTRACT  shift 44
	INDEX  shift 32
	INT  shift 37
	FLOAT  shift 38
	STRING  shift 39
	QSTRING  shift 40
	TRUE  shift 41
	FALSE  shift 42
	LPAREN  shift 36
	LBRACE  shift 49
	LBRACKET  shift 48
	SUB  shift 50
	NOT  shift 51
	.  error

	expr  goto 135
	index  goto 45

state 86
	expr:  expr GTE.expr 

	IDENT  shift 47
	ENV  shift 46
	CALL  shift 43
	CALLCONTRACT  shift 44
	INDEX  shift 32
	INT  shift 37
	FLOAT  shift 38
	STRING  shift 39
	QSTRING  shift 40
	TRUE  shift 41
	FALSE  shift 42
	LPAREN  shift 36
	LBRACE  shift 49
	LBRACKET  shift 48
	SUB  shift 50
	NOT  shift 51
	.  error

	expr  goto 136
	index  goto 45

state 87
	expr:  expr LT.expr 

	IDENT  shift 47
	ENV  shift 46
	CALL  shift 43
	CALLCONTRACT  shift 44
	INDEX  shift 32
	INT  shift 37
	FLOAT  shift 38
	STRING  shift 39
	QSTRING  shift 40
	TRUE  shift 41
	FALSE  shift 42
	LPAREN  shift 36
	LBRACE  shift 49
	LBRACKET  shift 48
	SUB  shift 50
	NOT  shift 51
	.  error

	expr  goto 137
	index  goto 45

state 88
	expr:  expr GT.expr 

	IDENT  shift 47
	ENV  shift 46
	CALL  shift 43
	CALLCONTRACT  shift 44
	INDEX  shift 32
	INT  shift 37
	FLOAT  shift 38
	STRING  shift 39
	QSTRING  shift 40
	TRUE  shift 41
	FALSE  shift 42
	LPAREN  shift 36
	LBRACE  shift 49
	LBRACKET  shift 48
	SUB  shift 50
	NOT  shift 51
	.  error

	expr  goto 138
	index  goto 45

state 89
	expr:  LPAREN expr.RPAREN 
	expr:  expr.MUL expr 
	expr:  expr.DIV expr 
	expr:  expr.ADD expr 
	expr:  expr.SUB expr 
	expr:  expr.MOD expr 
	expr:  expr.AND expr 
	expr:  expr.OR expr 
	expr:  expr.EQ expr 
	expr:  expr.NOT_EQ expr 
	expr:  expr.LTE expr 
	expr:  expr.GTE expr 
	expr:  expr.LT expr 
	expr:  expr.GT expr 

	RPAREN  shift 139
	ADD  shift 78
	SUB  shift 79
	MUL  shift 76
	DIV  shift 77
	MOD  shift 80
	AND  shift 81
	OR  shift 82
	EQ  shift 83
	NOT_EQ  shift 84
	LT  shift 87
	GT  shift 88
	LTE  shift 85
	GTE  shift 86
	.  error


state 90
	params:  params.COMMA expr 
	expr:  CALL params.RPAREN 

	COMMA  shift 114
	RPAREN  shift 140
	.  error


state 91
	cntparams:  cntparams.COMMA IDENT COLON expr 
	expr:  CALLCONTRACT cntparams.RPAREN 

	COMMA  shift 116
	RPAREN  shift 141
	.  error


state 92
	exprlist:  exprlist.COMMA expr 
	expr:  LBRACKET exprlist.RBRACKET 

	COMMA  shift 142
	RBRACKET  shift 143
	.  error


state 93
	exprlist:  expr.    (44)
	expr:  expr.MUL expr 
	expr:  expr.DIV expr 
	expr:  expr.ADD expr 
	expr:  expr.SUB expr 
	expr:  expr.MOD expr 
	expr:  expr.AND expr 
	expr:  expr.OR expr 
	expr:  expr.EQ expr 
	expr:  expr.NOT_EQ expr 
	expr:  expr.LTE expr 
	expr:  expr.GTE expr 
	expr:  expr.LT expr 
	expr:  expr.GT expr 

	ADD  shift 78
	SUB  shift 79
	MUL  shift 76
	DIV  shift 77
	MOD  shift 80
	AND  shift 81
	OR  shift 82
	EQ  shift 83
	NOT_EQ  shift 84
	LT  shift 87
	GT  shift 88
	LTE  shift 85
	GTE  shift 86
	.  reduce 44 (src line 205)


state 94
	exprmaplist:  exprmaplist.COMMA STRING COLON NEWLINE expr 
	exprmaplist:  exprmaplist.COMMA STRING COLON expr 
	expr:  LBRACE exprmaplist.RBRACE 

	COMMA  shift 144
	RBRACE  shift 145
	.  error


state 95
	exprmaplist:  STRING.COLON expr 

	COLON  shift 146
	.  error


state 96
	expr:  expr.MUL expr 
	expr:  expr.DIV expr 
	expr:  expr.ADD expr 
	expr:  expr.SUB expr 
	expr:  expr.MOD expr 
	expr:  expr.AND expr 
	expr:  expr.OR expr 
	expr:  expr.EQ expr 
	expr:  expr.NOT_EQ expr 
	expr:  expr.LTE expr 
	expr:  expr.GTE expr 
	expr:  expr.LT expr 
	expr:  expr.GT expr 
	expr:  SUB expr.    (76)

	.  reduce 76 (src line 245)


state 97
	expr:  expr.MUL expr 
	expr:  expr.DIV expr 
	expr:  expr.ADD expr 
	expr:  expr.SUB expr 
	expr:  expr.MOD expr 
	expr:  expr.AND expr 
	expr:  expr.OR expr 
	expr:  expr.EQ expr 
	expr:  expr.NOT_EQ expr 
	expr:  expr.LTE expr 
	expr:  expr.GTE expr 
	expr:  expr.LT expr 
	expr:  expr.GT expr 
	expr:  NOT expr.    (77)

	.  reduce 77 (src line 246)


state 98
	statement:  variable ASSIGN expr.    (23)
	expr:  expr.MUL expr 
	expr:  expr.DIV expr 
	expr:  expr.ADD expr 
	expr:  expr.SUB expr 
	expr:  expr.MOD expr 
	expr:  expr.AND expr 
	expr:  expr.OR expr 
	expr:  expr.EQ expr 
	expr:  expr.NOT_EQ expr 
	expr:  expr.LTE expr 
	expr:  expr.GTE expr 
	expr:  expr.LT expr 
	expr:  expr.GT expr 

	ADD  shift 78
	SUB  shift 79
	MUL  shift 76
	DIV  shift 77
	MOD  shift 80
	AND  shift 81
	OR  shift 82
	EQ  shift 83
	NOT_EQ  shift 84
	LT  shift 87
	GT  shift 88
	LTE  shift 85
	GTE  shift 86
	.  reduce 23 (src line 179)


state 99
	statement:  variable ADD_ASSIGN expr.    (24)
	expr:  expr.MUL expr 
	expr:  expr.DIV expr 
	expr:  expr.ADD expr 
	expr:  expr.SUB expr 
	expr:  expr.MOD expr 
	expr:  expr.AND expr 
	expr:  expr.OR expr 
	expr:  expr.EQ expr 
	expr:  expr.NOT_EQ expr 
	expr:  expr.LTE expr 
	expr:  expr.GTE expr 
	expr:  expr.LT expr 
	expr:  expr.GT expr 

	ADD  shift 78
	SUB  shift 79
	MUL  shift 76
	DIV  shift 77
	MOD  shift 80
	AND  shift 81
	OR  shift 82
	EQ  shift 83
	NOT_EQ  shift 84
	LT  shift 87
	GT  shift 88
	LTE  shift 85
	GTE  shift 86
	.  reduce 24 (src line 181)


state 100
	statement:  variable SUB_ASSIGN expr.    (25)
	expr:  expr.MUL expr 
	expr:  expr.DIV expr 
	expr:  expr.ADD expr 
	expr:  expr.SUB expr 
	expr:  expr.MOD expr 
	expr:  expr.AND expr 
	expr:  expr.OR expr 
	expr:  expr.EQ expr 
	expr:  expr.NOT_EQ expr 
	expr:  expr.LTE expr 
	expr:  expr.GTE expr 
	expr:  expr.LT expr 
	expr:  expr.GT expr 

	ADD  shift 78
	SUB  shift 79
	MUL  shift 76
	DIV  shift 77
	MOD  shift 80
	AND  shift 81
	OR  shift 82
	EQ  shift 83
	NOT_EQ  shift 84
	LT  shift 87
	GT  shift 88
	LTE  shift 85
	GTE  shift 86
	.  reduce 25 (src line 182)


state 101
	statement:  variable MUL_ASSIGN expr.    (26)
	expr:  expr.MUL expr 
	expr:  expr.DIV expr 
	expr:  expr.ADD expr 
	expr:  expr.SUB expr 
	expr:  expr.MOD expr 
	expr:  expr.AND expr 
	expr:  expr.OR expr 
	expr:  expr.EQ expr 
	expr:  expr.NOT_EQ expr 
	expr:  expr.LTE expr 
	expr:  expr.GTE expr 
	expr:  expr.LT expr 
	expr:  expr.GT expr 

	ADD  shift 78
	SUB  shift 79
	MUL  shift 76
	DIV  shift 77
	MOD  shift 80
	AND  shift 81
	OR  shift 82
	EQ  shift 83
	NOT_EQ  shift 84
	LT  shift 87
	GT  shift 88
	LTE  shift 85
	GTE  shift 86
	.  reduce 26 (src line 183)


state 102
	statement:  variable DIV_ASSIGN expr.    (27)
	expr:  expr.MUL expr 
	expr:  expr.DIV expr 
	expr:  expr.ADD expr 
	expr:  expr.SUB expr 
	expr:  expr.MOD expr 
	expr:  expr.AND expr 
	expr:  expr.OR expr 
	expr:  expr.EQ expr 
	expr:  expr.NOT_EQ expr 
	expr:  expr.LTE expr 
	expr:  expr.GTE expr 
	expr:  expr.LT expr 
	expr:  expr.GT expr 

	ADD  shift 78
	SUB  shift 79
	MUL  shift 76
	DIV  shift 77
	MOD  shift 80
	AND  shift 81
	OR  shift 82
	EQ  shift 83
	NOT_EQ  shift 84
	LT  shift 87
	GT  shift 88
	LTE  shift 85
	GTE  shift 86
	.  reduce 27 (src line 184)


state 103
	statement:  variable MOD_ASSIGN expr.    (28)
	expr:  expr.MUL expr 
	expr:  expr.DIV expr 
	expr:  expr.ADD expr 
	expr:  expr.SUB expr 
	expr:  expr.MOD expr 
	expr:  expr.AND expr 
	expr:  expr.OR expr 
	expr:  expr.EQ expr 
	expr:  expr.NOT_EQ expr 
	expr:  expr.LTE expr 
	expr:  expr.GTE expr 
	expr:  expr.LT expr 
	expr:  expr.GT expr 

	ADD  shift 78
	SUB  shift 79
	MUL  shift 76
	DIV  shift 77
	MOD  shift 80
	AND  shift 81
	OR  shift 82
	EQ  shift 83
	NOT_EQ  shift 84
	LT  shift 87
	GT  shift 88
	LTE  shift 85
	GTE  shift 86
	.  reduce 28 (src line 185)


state 104
	index:  index LBRACKET expr.RBRACKET 
	expr:  expr.MUL expr 
	expr:  expr.DIV expr 
	expr:  expr.ADD expr 
	expr:  expr.SUB expr 
	expr:  expr.MOD expr 
	expr:  expr.AND expr 
	expr:  expr.OR expr 
	expr:  expr.EQ expr 
	expr:  expr.NOT_EQ expr 
	expr:  expr.LTE expr 
	expr:  expr.GTE expr 
	expr:  expr.LT expr 
	expr:  expr.GT expr 

	RBRACKET  shift 147
	ADD  shift 78
	SUB  shift 79
	MUL  shift 76
	DIV  shift 77
	MOD  shift 80
	AND  shift 81
	OR  shift 82
	EQ  shift 83
	NOT_EQ  shift 84
	LT  shift 87
	GT  shift 88
	LTE  shift 85
	GTE  shift 86
	.  error


state 105
	statement:  index ASSIGN expr.    (29)
	expr:  expr.MUL expr 
	expr:  expr.DIV expr 
	expr:  expr.ADD expr 
	expr:  expr.SUB expr 
	expr:  expr.MOD expr 
	expr:  expr.AND expr 
	expr:  expr.OR expr 
	expr:  expr.EQ expr 
	expr:  expr.NOT_EQ expr 
	expr:  expr.LTE expr 
	expr:  expr.GTE expr 
	expr:  expr.LT expr 
	expr:  expr.GT expr 

	ADD  shift 78
	SUB  shift 79
	MUL  shift 76
	DIV  shift 77
	MOD  shift 80
	AND  shift 81
	OR  shift 82
	EQ  shift 83
	NOT_EQ  shift 84
	LT  shift 87
	GT  shift 88
	LTE  shift 85
	GTE  shift 86
	.  reduce 29 (src line 186)


state 106
	statement:  VAR IDENT ASSIGN.expr 

	IDENT  shift 47
	ENV  shift 46
	CALL  shift 43
	CALLCONTRACT  shift 44
	INDEX  shift 32
	INT  shift 37
	FLOAT  shift 38
	STRING  shift 39
	QSTRING  shift 40
	TRUE  shift 41
	FALSE  shift 42
	LPAREN  shift 36
	LBRACE  shift 49
	LBRACKET  shift 48
	SUB  shift 50
	NOT  shift 51
	.  error

	expr  goto 148
	index  goto 45

state 107
	ident_list:  ident_list IDENT.    (79)

	.  reduce 79 (src line 251)


state 108
	statement:  IF expr LBRACE.statements RBRACE elif else 
	statements: .    (1)

	.  reduce 1 (src line 129)

	statements  goto 149

state 109
	statement:  WHILE expr LBRACE.statements RBRACE 
	statements: .    (1)

	.  reduce 1 (src line 129)

	statements  goto 150

state 110
	statement:  FUNC CALL par_declarations.RPAREN LBRACE statements RBRACE 
	par_declarations:  par_declarations.COMMA par_declaration 

	COMMA  shift 152
	RPAREN  shift 151
	.  error


state 111
	par_declarations:  par_declaration.    (82)

	.  reduce 82 (src line 260)


state 112
	ident_list:  ident_list.IDENT 
	par_declaration:  ident_list.    (80)

	IDENT  shift 107
	.  reduce 80 (src line 254)


state 113
	ident_list:  IDENT.    (78)

	.  reduce 78 (src line 249)


state 114
	params:  params COMMA.expr 

	IDENT  shift 47
	ENV  shift 46
	CALL  shift 43
	CALLCONTRACT  shift 44
	INDEX  shift 32
	INT  shift 37
	FLOAT  shift 38
	STRING  shift 39
	QSTRING  shift 40
	TRUE  shift 41
	FALSE  shift 42
	LPAREN  shift 36
	LBRACE  shift 49
	LBRACKET  shift 48
	SUB  shift 50
	NOT  shift 51
	.  error

	expr  goto 153
	index  goto 45

state 115
	statement:  CALL params RPAREN.    (39)

	.  reduce 39 (src line 198)


state 116
	cntparams:  cntparams COMMA.IDENT COLON expr 

	IDENT  shift 154
	.  error


state 117
	statement:  CALLCONTRACT cntparams RPAREN.    (40)

	.  reduce 40 (src line 199)


state 118
	cntparams:  IDENT COLON.expr 

	IDENT  shift 47
	ENV  shift 46
	CALL  shift 43
	CALLCONTRACT  shift 44
	INDEX  shift 32
	INT  shift 37
	FLOAT  shift 38
	STRING  shift 39
	QSTRING  shift 40
	TRUE  shift 41
	FALSE  shift 42
	LPAREN  shift 36
	LBRACE  shift 49
	LBRACKET  shift 48
	SUB  shift 50
	NOT  shift 51
	.  error

	expr  goto 155
	index  goto 45

state 119
	statement:  FOR IDENT IN.expr LBRACE statements RBRACE 
	statement:  FOR IDENT IN.expr DOUBLEDOT expr LBRACE statements RBRACE 

	IDENT  shift 47
	ENV  shift 46
	CALL  shift 43
	CALLCONTRACT  shift 44
	INDEX  shift 32
	INT  shift 37
	FLOAT  shift 38
	STRING  shift 39
	QSTRING  shift 40
	TRUE  shift 41
	FALSE  shift 42
	LPAREN  shift 36
	LBRACE  shift 49
	LBRACKET  shift 48
	SUB  shift 50
	NOT  shift 51
	.  error

	expr  goto 156
	index  goto 45

state 120
	statement:  FOR IDENT COMMA.IDENT IN expr LBRACE statements RBRACE 

	IDENT  shift 157
	.  error


state 121
	index:  INDEX expr RBRACKET.    (12)

	.  reduce 12 (src line 151)


state 122
	var_declarations:  var_declarations NEWLINE.var_declaration 
	contract_data:  DATA LBRACE NEWLINE var_declarations NEWLINE.RBRACE NEWLINE 

	RBRACE  shift 159
	VAR  shift 74
	.  error

	var_declaration  goto 158

state 123
	ident_list:  ident_list.IDENT 
	var_declaration:  VAR ident_list.    (84)

	IDENT  shift 107
	.  reduce 84 (src line 264)


state 124
	ident_list:  IDENT.    (78)
	var_declaration:  VAR IDENT.ASSIGN expr 

	ASSIGN  shift 160
	.  reduce 78 (src line 249)


state 125
	case:  case.CASE exprlist LBRACE statements RBRACE NEWLINE 
	switch:  SWITCH expr NEWLINE case.default 
	default: .    (20)

	CASE  shift 161
	DEFAULT  shift 163
	.  reduce 20 (src line 170)

	default  goto 162

state 126
	expr:  expr.MUL expr 
	expr:  expr MUL expr.    (63)
	expr:  expr.DIV expr 
	expr:  expr.ADD expr 
	expr:  expr.SUB expr 
	expr:  expr.MOD expr 
	expr:  expr.AND expr 
	expr:  expr.OR expr 
	expr:  expr.EQ expr 
	expr:  expr.NOT_EQ expr 
	expr:  expr.LTE expr 
	expr:  expr.GTE expr 
	expr:  expr.LT expr 
	expr:  expr.GT expr 

	.  reduce 63 (src line 231)


state 127
	expr:  expr.MUL expr 
	expr:  expr.DIV expr 
	expr:  expr DIV expr.    (64)
	expr:  expr.ADD expr 
	expr:  expr.SUB expr 
	expr:  expr.MOD expr 
	expr:  expr.AND expr 
	expr:  expr.OR expr 
	expr:  expr.EQ expr 
	expr:  expr.NOT_EQ expr 
	expr:  expr.LTE expr 
	expr:  expr.GTE expr 
	expr:  expr.LT expr 
	expr:  expr.GT expr 

	.  reduce 64 (src line 232)


state 128
	expr:  expr.MUL expr 
	expr:  expr.DIV expr 
	expr:  expr.ADD expr 
	expr:  expr ADD expr.    (65)
	expr:  expr.SUB expr 
	expr:  expr.MOD expr 
	expr:  expr.AND expr 
	expr:  expr.OR expr 
	expr:  expr.EQ expr 
	expr:  expr.NOT_EQ expr 
	expr:  expr.LTE expr 
	expr:  expr.GTE expr 
	expr:  expr.LT expr 
	expr:  expr.GT expr 

	MUL  shift 76
	DIV  shift 77
	MOD  shift 80
	.  reduce 65 (src line 233)


state 129
	expr:  expr.MUL expr 
	expr:  expr.DIV expr 
	expr:  expr.ADD expr 
	expr:  expr.SUB expr 
	expr:  expr SUB expr.    (66)
	expr:  expr.MOD expr 
	expr:  expr.AND expr 
	expr:  expr.OR expr 
	expr:  expr.EQ expr 
	expr:  expr.NOT_EQ expr 
	expr:  expr.LTE expr 
	expr:  expr.GTE expr 
	expr:  expr.LT expr 
	expr:  expr.GT expr 

	MUL  shift 76
	DIV  shift 77
	MOD  shift 80
	.  reduce 66 (src line 234)


state 130
	expr:  expr.MUL expr 
	expr:  expr.DIV expr 
	expr:  expr.ADD expr 
	expr:  expr.SUB expr 
	expr:  expr.MOD expr 
	expr:  expr MOD expr.    (67)
	expr:  expr.AND expr 
	expr:  expr.OR expr 
	expr:  expr.EQ expr 
	expr:  expr.NOT_EQ expr 
	expr:  expr.LTE expr 
	expr:  expr.GTE expr 
	expr:  expr.LT expr 
	expr:  expr.GT expr 

	.  reduce 67 (src line 235)


state 131
	expr:  expr.MUL expr 
	expr:  expr.DIV expr 
	expr:  expr.ADD expr 
	expr:  expr.SUB expr 
	expr:  expr.MOD expr 
	expr:  expr.AND expr 
	expr:  expr AND expr.    (68)
	expr:  expr.OR expr 
	expr:  expr.EQ expr 
	expr:  expr.NOT_EQ expr 
	expr:  expr.LTE expr 
	expr:  expr.GTE expr 
	expr:  expr.LT expr 
	expr:  expr.GT expr 

	ADD  shift 78
	SUB  shift 79
	MUL  shift 76
	DIV  shift 77
	MOD  shift 80
	OR  shift 82
	EQ  shift 83
	NOT_EQ  shift 84
	LT  shift 87
	GT  shift 88
	LTE  shift 85
	GTE  shift 86
	.  reduce 68 (src line 236)


state 132
	expr:  expr.MUL expr 
	expr:  expr.DIV expr 
	expr:  expr.ADD expr 
	expr:  expr.SUB expr 
	expr:  expr.MOD expr 
	expr:  expr.AND expr 
	expr:  expr.OR expr 
	expr:  expr OR expr.    (69)
	expr:  expr.EQ expr 
	expr:  expr.NOT_EQ expr 
	expr:  expr.LTE expr 
	expr:  expr.GTE expr 
	expr:  expr.LT expr 
	expr:  expr.GT expr 

	ADD  shift 78
	SUB  shift 79
	MUL  shift 76
	DIV  shift 77
	MOD  shift 80
	EQ  shift 83
	NOT_EQ  shift 84
	LT  shift 87
	GT  shift 88
	LTE  shift 85
	GTE  shift 86
	.  reduce 69 (src line 237)


state 133
	expr:  expr.MUL expr 
	expr:  expr.DIV expr 
	expr:  expr.ADD expr 
	expr:  expr.SUB expr 
	expr:  expr.MOD expr 
	expr:  expr.AND expr 
	expr:  expr.OR expr 
	expr:  expr.EQ expr 
	expr:  expr EQ expr.    (70)
	expr:  expr.NOT_EQ expr 
	expr:  expr.LTE expr 
	expr:  expr.GTE expr 
	expr:  expr.LT expr 
	expr:  expr.GT expr 

	ADD  shift 78
	SUB  shift 79
	MUL  shift 76
	DIV  shift 77
	MOD  shift 80
	.  reduce 70 (src line 238)


state 134
	expr:  expr.MUL expr 
	expr:  expr.DIV expr 
	expr:  expr.ADD expr 
	expr:  expr.SUB expr 
	expr:  expr.MOD expr 
	expr:  expr.AND expr 
	expr:  expr.OR expr 
	expr:  expr.EQ expr 
	expr:  expr.NOT_EQ expr 
	expr:  expr NOT_EQ expr.    (71)
	expr:  expr.LTE expr 
	expr:  expr.GTE expr 
	expr:  expr.LT expr 
	expr:  expr.GT expr 

	ADD  shift 78
	SUB  shift 79
	MUL  shift 76
	DIV  shift 77
	MOD  shift 80
	.  reduce 71 (src line 239)


state 135
	expr:  expr.MUL expr 
	expr:  expr.DIV expr 
	expr:  expr.ADD expr 
	expr:  expr.SUB expr 
	expr:  expr.MOD expr 
	expr:  expr.AND expr 
	expr:  expr.OR expr 
	expr:  expr.EQ expr 
	expr:  expr.NOT_EQ expr 
	expr:  expr.LTE expr 
	expr:  expr LTE expr.    (72)
	expr:  expr.GTE expr 
	expr:  expr.LT expr 
	expr:  expr.GT expr 

	ADD  shift 78
	SUB  shift 79
	MUL  shift 76
	DIV  shift 77
	MOD  shift 80
	.  reduce 72 (src line 240)


state 136
	expr:  expr.MUL expr 
	expr:  expr.DIV expr 
	expr:  expr.ADD expr 
	expr:  expr.SUB expr 
	expr:  expr.MOD expr 
	expr:  expr.AND expr 
	expr:  expr.OR expr 
	expr:  expr.EQ expr 
	expr:  expr.NOT_EQ expr 
	expr:  expr.LTE expr 
	expr:  expr.GTE expr 
	expr:  expr GTE expr.    (73)
	expr:  expr.LT expr 
	expr:  expr.GT expr 

	ADD  shift 78
	SUB  shift 79
	MUL  shift 76
	DIV  shift 77
	MOD  shift 80
	.  reduce 73 (src line 241)


state 137
	expr:  expr.MUL expr 
	expr:  expr.DIV expr 
	expr:  expr.ADD expr 
	expr:  expr.SUB expr 
	expr:  expr.MOD expr 
	expr:  expr.AND expr 
	expr:  expr.OR expr 
	expr:  expr.EQ expr 
	expr:  expr.NOT_EQ expr 
	expr:  expr.LTE expr 
	expr:  expr.GTE expr 
	expr:  expr.LT expr 
	expr:  expr LT expr.    (74)
	expr:  expr.GT expr 

	ADD  shift 78
	SUB  shift 79
	MUL  shift 76
	DIV  shift 77
	MOD  shift 80
	.  reduce 74 (src line 242)


state 138
	expr:  expr.MUL expr 
	expr:  expr.DIV expr 
	expr:  expr.ADD expr 
	expr:  expr.SUB expr 
	expr:  expr.MOD expr 
	expr:  expr.AND expr 
	expr:  expr.OR expr 
	expr:  expr.EQ expr 
	expr:  expr.NOT_EQ expr 
	expr:  expr.LTE expr 
	expr:  expr.GTE expr 
	expr:  expr.LT expr 
	expr:  expr.GT expr 
	expr:  expr GT expr.    (75)

	ADD  shift 78
	SUB  shift 79
	MUL  shift 76
	DIV  shift 77
	MOD  shift 80
	.  reduce 75 (src line 243)


state 139
	expr:  LPAREN expr RPAREN.    (49)

	.  reduce 49 (src line 216)


state 140
	expr:  CALL params RPAREN.    (56)

	.  reduce 56 (src line 224)


state 141
	expr:  CALLCONTRACT cntparams RPAREN.    (57)

	.  reduce 57 (src line 225)


state 142
	exprlist:  exprlist COMMA.expr 

	IDENT  shift 47
	ENV  shift 46
	CALL  shift 43
	CALLCONTRACT  shift 44
	INDEX  shift 32
	INT  shift 37
	FLOAT  shift 38
	STRING  shift 39
	QSTRING  shift 40
	TRUE  shift 41
	FALSE  shift 42
	LPAREN  shift 36
	LBRACE  shift 49
	LBRACKET  shift 48
	SUB  shift 50
	NOT  shift 51
	.  error

	expr  goto 164
	index  goto 45

state 143
	expr:  LBRACKET exprlist RBRACKET.    (61)

	.  reduce 61 (src line 229)


state 144
	exprmaplist:  exprmaplist COMMA.STRING COLON NEWLINE expr 
	exprmaplist:  exprmaplist COMMA.STRING COLON expr 

	STRING  shift 165
	.  error


state 145
	expr:  LBRACE exprmaplist RBRACE.    (62)

	.  reduce 62 (src line 230)


state 146
	exprmaplist:  STRING COLON.expr 

	IDENT  shift 47
	ENV  shift 46
	CALL  shift 43
	CALLCONTRACT  shift 44
	INDEX  shift 32
	INT  shift 37
	FLOAT  shift 38
	STRING  shift 39
	QSTRING  shift 40
	TRUE  shift 41
	FALSE  shift 42
	LPAREN  shift 36
	LBRACE  shift 49
	LBRACKET  shift 48
	SUB  shift 50
	NOT  shift 51
	.  error

	expr  goto 166
	index  goto 45

state 147
	index:  index LBRACKET expr RBRACKET.    (13)

	.  reduce 13 (src line 153)


state 148
	statement:  VAR IDENT ASSIGN expr.    (30)
	expr:  expr.MUL expr 
	expr:  expr.DIV expr 
	expr:  expr.ADD expr 
	expr:  expr.SUB expr 
	expr:  expr.MOD expr 
	expr:  expr.AND expr 
	expr:  expr.OR expr 
	expr:  expr.EQ expr 
	expr:  expr.NOT_EQ expr 
	expr:  expr.LTE expr 
	expr:  expr.GTE expr 
	expr:  expr.LT expr 
	expr:  expr.GT expr 

	ADD  shift 78
	SUB  shift 79
	MUL  shift 76
	DIV  shift 77
	MOD  shift 80
	AND  shift 81
	OR  shift 82
	EQ  shift 83
	NOT_EQ  shift 84
	LT  shift 87
	GT  shift 88
	LTE  shift 85
	GTE  shift 86
	.  reduce 30 (src line 187)


state 149
	statements:  statements.NEWLINE 
	statements:  statements.switch 
	statements:  statements.statement NEWLINE 
	statement:  IF expr LBRACE statements.RBRACE elif else 

	IDENT  shift 31
	CALL  shift 28
	CALLCONTRACT  shift 29
	INDEX  shift 32
	NEWLINE  shift 15
	RBRACE  shift 167
	BREAK  shift 23
	CONTINUE  shift 24
	IF  shift 22
	RETURN  shift 25
	WHILE  shift 26
	FUNC  shift 27
	FOR  shift 30
	SWITCH  shift 18
	VAR  shift 21
	.  error

	variable  goto 19
	switch  goto 16
	statement  goto 17
	index  goto 20

state 150
	statements:  statements.NEWLINE 
	statements:  statements.switch 
	statements:  statements.statement NEWLINE 
	statement:  WHILE expr LBRACE statements.RBRACE 

	IDENT  shift 31
	CALL  shift 28
	CALLCONTRACT  shift 29
	INDEX  shift 32
	NEWLINE  shift 15
	RBRACE  shift 168
	BREAK  shift 23
	CONTINUE  shift 24
	IF  shift 22
	RETURN  shift 25
	WHILE  shift 26
	FUNC  shift 27
	FOR  shift 30
	SWITCH  shift 18
	VAR  shift 21
	.  error

	variable  goto 19
	switch  goto 16
	statement  goto 17
	index  goto 20

state 151
	statement:  FUNC CALL par_declarations RPAREN.LBRACE statements RBRACE 

	LBRACE  shift 169
	.  error


state 152
	par_declarations:  par_declarations COMMA.par_declaration 

	IDENT  shift 113
	.  error

	ident_list  goto 112
	par_declaration  goto 170

state 153
	params:  params COMMA expr.    (7)
	expr:  expr.MUL expr 
	expr:  expr.DIV expr 
	expr:  expr.ADD expr 
	expr:  expr.SUB expr 
	expr:  expr.MOD expr 
	expr:  expr.AND expr 
	expr:  expr.OR expr 
	expr:  expr.EQ expr 
	expr:  expr.NOT_EQ expr 
	expr:  expr.LTE expr 
	expr:  expr.GTE expr 
	expr:  expr.LT expr 
	expr:  expr.GT expr 

	ADD  shift 78
	SUB  shift 79
	MUL  shift 76
	DIV  shift 77
	MOD  shift 80
	AND  shift 81
	OR  shift 82
	EQ  shift 83
	NOT_EQ  shift 84
	LT  shift 87
	GT  shift 88
	LTE  shift 85
	GTE  shift 86
	.  reduce 7 (src line 139)


state 154
	cntparams:  cntparams COMMA IDENT.COLON expr 

	COLON  shift 171
	.  error


state 155
	cntparams:  IDENT COLON expr.    (9)
	expr:  expr.MUL expr 
	expr:  expr.DIV expr 
	expr:  expr.ADD expr 
	expr:  expr.SUB expr 
	expr:  expr.MOD expr 
	expr:  expr.AND expr 
	expr:  expr.OR expr 
	expr:  expr.EQ expr 
	expr:  expr.NOT_EQ expr 
	expr:  expr.LTE expr 
	expr:  expr.GTE expr 
	expr:  expr.LT expr 
	expr:  expr.GT expr 

	ADD  shift 78
	SUB  shift 79
	MUL  shift 76
	DIV  shift 77
	MOD  shift 80
	AND  shift 81
	OR  shift 82
	EQ  shift 83
	NOT_EQ  shift 84
	LT  shift 87
	GT  shift 88
	LTE  shift 85
	GTE  shift 86
	.  reduce 9 (src line 144)


state 156
	statement:  FOR IDENT IN expr.LBRACE statements RBRACE 
	statement:  FOR IDENT IN expr.DOUBLEDOT expr LBRACE statements RBRACE 
	expr:  expr.MUL expr 
	expr:  expr.DIV expr 
	expr:  expr.ADD expr 
	expr:  expr.SUB expr 
	expr:  expr.MOD expr 
	expr:  expr.AND expr 
	expr:  expr.OR expr 
	expr:  expr.EQ expr 
	expr:  expr.NOT_EQ expr 
	expr:  expr.LTE expr 
	expr:  expr.GTE expr 
	expr:  expr.LT expr 
	expr:  expr.GT expr 

	LBRACE  shift 172
	DOUBLEDOT  shift 173
	ADD  shift 78
	SUB  shift 79
	MUL  shift 76
	DIV  shift 77
	MOD  shift 80
	AND  shift 81
	OR  shift 82
	EQ  shift 83
	NOT_EQ  shift 84
	LT  shift 87
	GT  shift 88
	LTE  shift 85
	GTE  shift 86
	.  error


state 157
	statement:  FOR IDENT COMMA IDENT.IN expr LBRACE statements RBRACE 

	IN  shift 174
	.  error


state 158
	var_declarations:  var_declarations NEWLINE var_declaration.    (87)

	.  reduce 87 (src line 271)


state 159
	contract_data:  DATA LBRACE NEWLINE var_declarations NEWLINE RBRACE.NEWLINE 

	NEWLINE  shift 175
	.  error


state 160
	var_declaration:  VAR IDENT ASSIGN.expr 

	IDENT  shift 47
	ENV  shift 46
	CALL  shift 43
	CALLCONTRACT  shift 44
	INDEX  shift 32
	INT  shift 37
	FLOAT  shift 38
	STRING  shift 39
	QSTRING  shift 40
	TRUE  shift 41
	FALSE  shift 42
	LPAREN  shift 36
	LBRACE  shift 49
	LBRACKET  shift 48
	SUB  shift 50
	NOT  shift 51
	.  error

	expr  goto 176
	index  goto 45

state 161
	case:  case CASE.exprlist LBRACE statements RBRACE NEWLINE 

	IDENT  shift 47
	ENV  shift 46
	CALL  shift 43
	CALLCONTRACT  shift 44
	INDEX  shift 32
	INT  shift 37
	FLOAT  shift 38
	STRING  shift 39
	QSTRING  shift 40
	TRUE  shift 41
	FALSE  shift 42
	LPAREN  shift 36
	LBRACE  shift 49
	LBRACKET  shift 48
	SUB  shift 50
	NOT  shift 51
	.  error

	expr  goto 93
	index  goto 45
	exprlist  goto 177

state 162
	switch:  SWITCH expr NEWLINE case default.    (22)

	.  reduce 22 (src line 175)


state 163
	default:  DEFAULT.LBRACE statements RBRACE 

	LBRACE  shift 178
	.  error


state 164
	exprlist:  exprlist COMMA expr.    (45)
	expr:  expr.MUL expr 
	expr:  expr.DIV expr 
	expr:  expr.ADD expr 
	expr:  expr.SUB expr 
	expr:  expr.MOD expr 
	expr:  expr.AND expr 
	expr:  expr.OR expr 
	expr:  expr.EQ expr 
	expr:  expr.NOT_EQ expr 
	expr:  expr.LTE expr 
	expr:  expr.GTE expr 
	expr:  expr.LT expr 
	expr:  expr.GT expr 

	ADD  shift 78
	SUB  shift 79
	MUL  shift 76
	DIV  shift 77
	MOD  shift 80
	AND  shift 81
	OR  shift 82
	EQ  shift 83
	NOT_EQ  shift 84
	LT  shift 87
	GT  shift 88
	LTE  shift 85
	GTE  shift 86
	.  reduce 45 (src line 207)


state 165
	exprmaplist:  exprmaplist COMMA STRING.COLON NEWLINE expr 
	exprmaplist:  exprmaplist COMMA STRING.COLON expr 

	COLON  shift 179
	.  error


state 166
	exprmaplist:  STRING COLON expr.    (46)
	expr:  expr.MUL expr 
	expr:  expr.DIV expr 
	expr:  expr.ADD expr 
	expr:  expr.SUB expr 
	expr:  expr.MOD expr 
	expr:  expr.AND expr 
	expr:  expr.OR expr 
	expr:  expr.EQ expr 
	expr:  expr.NOT_EQ expr 
	expr:  expr.LTE expr 
	expr:  expr.GTE expr 
	expr:  expr.LT expr 
	expr:  expr.GT expr 

	ADD  shift 78
	SUB  shift 79
	MUL  shift 76
	DIV  shift 77
	MOD  shift 80
	AND  shift 81
	OR  shift 82
	EQ  shift 83
	NOT_EQ  shift 84
	LT  shift 87
	GT  shift 88
	LTE  shift 85
	GTE  shift 86
	.  reduce 46 (src line 210)


state 167
	statement:  IF expr LBRACE statements RBRACE.elif else 
	elif: .    (16)

	.  reduce 16 (src line 160)

	elif  goto 180

state 168
	statement:  WHILE expr LBRACE statements RBRACE.    (37)

	.  reduce 37 (src line 194)


state 169
	statement:  FUNC CALL par_declarations RPAREN LBRACE.statements RBRACE 
	statements: .    (1)

	.  reduce 1 (src line 129)

	statements  goto 181

state 170
	par_declarations:  par_declarations COMMA par_declaration.    (83)

	.  reduce 83 (src line 261)


state 171
	cntparams:  cntparams COMMA IDENT COLON.expr 

	IDENT  shift 47
	ENV  shift 46
	CALL  shift 43
	CALLCONTRACT  shift 44
	INDEX  shift 32
	INT  shift 37
	FLOAT  shift 38
	STRING  shift 39
	QSTRING  shift 40
	TRUE  shift 41
	FALSE  shift 42
	LPAREN  shift 36
	LBRACE  shift 49
	LBRACKET  shift 48
	SUB  shift 50
	NOT  shift 51
	.  error

	expr  goto 182
	index  goto 45

state 172
	statement:  FOR IDENT IN expr LBRACE.statements RBRACE 
	statements: .    (1)

	.  reduce 1 (src line 129)

	statements  goto 183

state 173
	statement:  FOR IDENT IN expr DOUBLEDOT.expr LBRACE statements RBRACE 

	IDENT  shift 47
	ENV  shift 46
	CALL  shift 43
	CALLCONTRACT  shift 44
	INDEX  shift 32
	INT  shift 37
	FLOAT  shift 38
	STRING  shift 39
	QSTRING  shift 40
	TRUE  shift 41
	FALSE  shift 42
	LPAREN  shift 36
	LBRACE  shift 49
	LBRACKET  shift 48
	SUB  shift 50
	NOT  shift 51
	.  error

	expr  goto 184
	index  goto 45

state 174
	statement:  FOR IDENT COMMA IDENT IN.expr LBRACE statements RBRACE 

	IDENT  shift 47
	ENV  shift 46
	CALL  shift 43
	CALLCONTRACT  shift 44
	INDEX  shift 32
	INT  shift 37
	FLOAT  shift 38
	STRING  shift 39
	QSTRING  shift 40
	TRUE  shift 41
	FALSE  shift 42
	LPAREN  shift 36
	LBRACE  shift 49
	LBRACKET  shift 48
	SUB  shift 50
	NOT  shift 51
	.  error

	expr  goto 185
	index  goto 45

state 175
	contract_data:  DATA LBRACE NEWLINE var_declarations NEWLINE RBRACE NEWLINE.    (89)

	.  reduce 89 (src line 276)


state 176
	expr:  expr.MUL expr 
	expr:  expr.DIV expr 
	expr:  expr.ADD expr 
	expr:  expr.SUB expr 
	expr:  expr.MOD expr 
	expr:  expr.AND expr 
	expr:  expr.OR expr 
	expr:  expr.EQ expr 
	expr:  expr.NOT_EQ expr 
	expr:  expr.LTE expr 
	expr:  expr.GTE expr 
	expr:  expr.LT expr 
	expr:  expr.GT expr 
	var_declaration:  VAR IDENT ASSIGN expr.    (85)

	ADD  shift 78
	SUB  shift 79
	MUL  shift 76
	DIV  shift 77
	MOD  shift 80
	AND  shift 81
	OR  shift 82
	EQ  shift 83
	NOT_EQ  shift 84
	LT  shift 87
	GT  shift 88
	LTE  shift 85
	GTE  shift 86
	.  reduce 85 (src line 266)


state 177
	case:  case CASE exprlist.LBRACE statements RBRACE NEWLINE 
	exprlist:  exprlist.COMMA expr 

	COMMA  shift 142
	LBRACE  shift 186
	.  error


state 178
	default:  DEFAULT LBRACE.statements RBRACE 
	statements: .    (1)

	.  reduce 1 (src line 129)

	statements  goto 187

state 179
	exprmaplist:  exprmaplist COMMA STRING COLON.NEWLINE expr 
	exprmaplist:  exprmaplist COMMA STRING COLON.expr 

	IDENT  shift 47
	ENV  shift 46
	CALL  shift 43
	CALLCONTRACT  shift 44
	INDEX  shift 32
	INT  shift 37
	FLOAT  shift 38
	STRING  shift 39
	QSTRING  shift 40
	TRUE  shift 41
	FALSE  shift 42
	NEWLINE  shift 188
	LPAREN  shift 36
	LBRACE  shift 49
	LBRACKET  shift 48
	SUB  shift 50
	NOT  shift 51
	.  error

	expr  goto 189
	index  goto 45

state 180
	elif:  elif.ELIF expr LBRACE statements RBRACE 
	statement:  IF expr LBRACE statements RBRACE elif.else 
	else: .    (14)

	ELIF  shift 190
	ELSE  shift 192
	.  reduce 14 (src line 155)

	else  goto 191

state 181
	statements:  statements.NEWLINE 
	statements:  statements.switch 
	statements:  statements.statement NEWLINE 
	statement:  FUNC CALL par_declarations RPAREN LBRACE statements.RBRACE 

	IDENT  shift 31
	CALL  shift 28
	CALLCONTRACT  shift 29
	INDEX  shift 32
	NEWLINE  shift 15
	RBRACE  shift 193
	BREAK  shift 23
	CONTINUE  shift 24
	IF  shift 22
	RETURN  shift 25
	WHILE  shift 26
	FUNC  shift 27
	FOR  shift 30
	SWITCH  shift 18
	VAR  shift 21
	.  error

	variable  goto 19
	switch  goto 16
	statement  goto 17
	index  goto 20

state 182
	cntparams:  cntparams COMMA IDENT COLON expr.    (10)
	expr:  expr.MUL expr 
	expr:  expr.DIV expr 
	expr:  expr.ADD expr 
	expr:  expr.SUB expr 
	expr:  expr.MOD expr 
	expr:  expr.AND expr 
	expr:  expr.OR expr 
	expr:  expr.EQ expr 
	expr:  expr.NOT_EQ expr 
	expr:  expr.LTE expr 
	expr:  expr.GTE expr 
	expr:  expr.LT expr 
	expr:  expr.GT expr 

	ADD  shift 78
	SUB  shift 79
	MUL  shift 76
	DIV  shift 77
	MOD  shift 80
	AND  shift 81
	OR  shift 82
	EQ  shift 83
	NOT_EQ  shift 84
	LT  shift 87
	GT  shift 88
	LTE  shift 85
	GTE  shift 86
	.  reduce 10 (src line 145)


state 183
	statements:  statements.NEWLINE 
	statements:  statements.switch 
	statements:  statements.statement NEWLINE 
	statement:  FOR IDENT IN expr LBRACE statements.RBRACE 

	IDENT  shift 31
	CALL  shift 28
	CALLCONTRACT  shift 29
	INDEX  shift 32
	NEWLINE  shift 15
	RBRACE  shift 194
	BREAK  shift 23
	CONTINUE  shift 24
	IF  shift 22
	RETURN  shift 25
	WHILE  shift 26
	FUNC  shift 27
	FOR  shift 30
	SWITCH  shift 18
	VAR  shift 21
	.  error

	variable  goto 19
	switch  goto 16
	statement  goto 17
	index  goto 20

state 184
	statement:  FOR IDENT IN expr DOUBLEDOT expr.LBRACE statements RBRACE 
	expr:  expr.MUL expr 
	expr:  expr.DIV expr 
	expr:  expr.ADD expr 
	expr:  expr.SUB expr 
	expr:  expr.MOD expr 
	expr:  expr.AND expr 
	expr:  expr.OR expr 
	expr:  expr.EQ expr 
	expr:  expr.NOT_EQ expr 
	expr:  expr.LTE expr 
	expr:  expr.GTE expr 
	expr:  expr.LT expr 
	expr:  expr.GT expr 

	LBRACE  shift 195
	ADD  shift 78
	SUB  shift 79
	MUL  shift 76
	DIV  shift 77
	MOD  shift 80
	AND  shift 81
	OR  shift 82
	EQ  shift 83
	NOT_EQ  shift 84
	LT  shift 87
	GT  shift 88
	LTE  shift 85
	GTE  shift 86
	.  error


state 185
	statement:  FOR IDENT COMMA IDENT IN expr.LBRACE statements RBRACE 
	expr:  expr.MUL expr 
	expr:  expr.DIV expr 
	expr:  expr.ADD expr 
	expr:  expr.SUB expr 
	expr:  expr.MOD expr 
	expr:  expr.AND expr 
	expr:  expr.OR expr 
	expr:  expr.EQ expr 
	expr:  expr.NOT_EQ expr 
	expr:  expr.LTE expr 
	expr:  expr.GTE expr 
	expr:  expr.LT expr 
	expr:  expr.GT expr 

	LBRACE  shift 196
	ADD  shift 78
	SUB  shift 79
	MUL  shift 76
	DIV  shift 77
	MOD  shift 80
	AND  shift 81
	OR  shift 82
	EQ  shift 83
	NOT_EQ  shift 84
	LT  shift 87
	GT  shift 88
	LTE  shift 85
	GTE  shift 86
	.  error


state 186
	case:  case CASE exprlist LBRACE.statements RBRACE NEWLINE 
	statements: .    (1)

	.  reduce 1 (src line 129)

	statements  goto 197

state 187
	statements:  statements.NEWLINE 
	statements:  statements.switch 
	statements:  statements.statement NEWLINE 
	default:  DEFAULT LBRACE statements.RBRACE 

	IDENT  shift 31
	CALL  shift 28
	CALLCONTRACT  shift 29
	INDEX  shift 32
	NEWLINE  shift 15
	RBRACE  shift 198
	BREAK  shift 23
	CONTINUE  shift 24
	IF  shift 22
	RETURN  shift 25
	WHILE  shift 26
	FUNC  shift 27
	FOR  shift 30
	SWITCH  shift 18
	VAR  shift 21
	.  error

	variable  goto 19
	switch  goto 16
	statement  goto 17
	index  goto 20

state 188
	exprmaplist:  exprmaplist COMMA STRING COLON NEWLINE.expr 

	IDENT  shift 47
	ENV  shift 46
	CALL  shift 43
	CALLCONTRACT  shift 44
	INDEX  shift 32
	INT  shift 37
	FLOAT  shift 38
	STRING  shift 39
	QSTRING  shift 40
	TRUE  shift 41
	FALSE  shift 42
	LPAREN  shift 36
	LBRACE  shift 49
	LBRACKET  shift 48
	SUB  shift 50
	NOT  shift 51
	.  error

	expr  goto 199
	index  goto 45

state 189
	exprmaplist:  exprmaplist COMMA STRING COLON expr.    (48)
	expr:  expr.MUL expr 
	expr:  expr.DIV expr 
	expr:  expr.ADD expr 
	expr:  expr.SUB expr 
	expr:  expr.MOD expr 
	expr:  expr.AND expr 
	expr:  expr.OR expr 
	expr:  expr.EQ expr 
	expr:  expr.NOT_EQ expr 
	expr:  expr.LTE expr 
	expr:  expr.GTE expr 
	expr:  expr.LT expr 
	expr:  expr.GT expr 

	ADD  shift 78
	SUB  shift 79
	MUL  shift 76
	DIV  shift 77
	MOD  shift 80
	AND  shift 81
	OR  shift 82
	EQ  shift 83
	NOT_EQ  shift 84
	LT  shift 87
	GT  shift 88
	LTE  shift 85
	GTE  shift 86
	.  reduce 48 (src line 213)


state 190
	elif:  elif ELIF.expr LBRACE statements RBRACE 

	IDENT  shift 47
	ENV  shift 46
	CALL  shift 43
	CALLCONTRACT  shift 44
	INDEX  shift 32
	INT  shift 37
	FLOAT  shift 38
	STRING  shift 39
	QSTRING  shift 40
	TRUE  shift 41
	FALSE  shift 42
	LPAREN  shift 36
	LBRACE  shift 49
	LBRACKET  shift 48
	SUB  shift 50
	NOT  shift 51
	.  error

	expr  goto 200
	index  goto 45

state 191
	statement:  IF expr LBRACE statements RBRACE elif else.    (32)

	.  reduce 32 (src line 189)


state 192
	else:  ELSE.LBRACE statements RBRACE 

	LBRACE  shift 201
	.  error


state 193
	statement:  FUNC CALL par_declarations RPAREN LBRACE statements RBRACE.    (38)

	.  reduce 38 (src line 195)


state 194
	statement:  FOR IDENT IN expr LBRACE statements RBRACE.    (41)

	.  reduce 41 (src line 200)


state 195
	statement:  FOR IDENT IN expr DOUBLEDOT expr LBRACE.statements RBRACE 
	statements: .    (1)

	.  reduce 1 (src line 129)

	statements  goto 202

state 196
	statement:  FOR IDENT COMMA IDENT IN expr LBRACE.statements RBRACE 
	statements: .    (1)

	.  reduce 1 (src line 129)

	statements  goto 203

state 197
	statements:  statements.NEWLINE 
	statements:  statements.switch 
	statements:  statements.statement NEWLINE 
	case:  case CASE exprlist LBRACE statements.RBRACE NEWLINE 

	IDENT  shift 31
	CALL  shift 28
	CALLCONTRACT  shift 29
	INDEX  shift 32
	NEWLINE  shift 15
	RBRACE  shift 204
	BREAK  shift 23
	CONTINUE  shift 24
	IF  shift 22
	RETURN  shift 25
	WHILE  shift 26
	FUNC  shift 27
	FOR  shift 30
	SWITCH  shift 18
	VAR  shift 21
	.  error

	variable  goto 19
	switch  goto 16
	statement  goto 17
	index  goto 20

state 198
	default:  DEFAULT LBRACE statements RBRACE.    (21)

	.  reduce 21 (src line 172)


state 199
	exprmaplist:  exprmaplist COMMA STRING COLON NEWLINE expr.    (47)
	expr:  expr.MUL expr 
	expr:  expr.DIV expr 
	expr:  expr.ADD expr 
	expr:  expr.SUB expr 
	expr:  expr.MOD expr 
	expr:  expr.AND expr 
	expr:  expr.OR expr 
	expr:  expr.EQ expr 
	expr:  expr.NOT_EQ expr 
	expr:  expr.LTE expr 
	expr:  expr.GTE expr 
	expr:  expr.LT expr 
	expr:  expr.GT expr 

	ADD  shift 78
	SUB  shift 79
	MUL  shift 76
	DIV  shift 77
	MOD  shift 80
	AND  shift 81
	OR  shift 82
	EQ  shift 83
	NOT_EQ  shift 84
	LT  shift 87
	GT  shift 88
	LTE  shift 85
	GTE  shift 86
	.  reduce 47 (src line 212)


state 200
	elif:  elif ELIF expr.LBRACE statements RBRACE 
	expr:  expr.MUL expr 
	expr:  expr.DIV expr 
	expr:  expr.ADD expr 
	expr:  expr.SUB expr 
	expr:  expr.MOD expr 
	expr:  expr.AND expr 
	expr:  expr.OR expr 
	expr:  expr.EQ expr 
	expr:  expr.NOT_EQ expr 
	expr:  expr.LTE expr 
	expr:  expr.GTE expr 
	expr:  expr.LT expr 
	expr:  expr.GT expr 

	LBRACE  shift 205
	ADD  shift 78
	SUB  shift 79
	MUL  shift 76
	DIV  shift 77
	MOD  shift 80
	AND  shift 81
	OR  shift 82
	EQ  shift 83
	NOT_EQ  shift 84
	LT  shift 87
	GT  shift 88
	LTE  shift 85
	GTE  shift 86
	.  error


state 201
	else:  ELSE LBRACE.statements RBRACE 
	statements: .    (1)

	.  reduce 1 (src line 129)

	statements  goto 206

state 202
	statements:  statements.NEWLINE 
	statements:  statements.switch 
	statements:  statements.statement NEWLINE 
	statement:  FOR IDENT IN expr DOUBLEDOT expr LBRACE statements.RBRACE 

	IDENT  shift 31
	CALL  shift 28
	CALLCONTRACT  shift 29
	INDEX  shift 32
	NEWLINE  shift 15
	RBRACE  shift 207
	BREAK  shift 23
	CONTINUE  shift 24
	IF  shift 22
	RETURN  shift 25
	WHILE  shift 26
	FUNC  shift 27
	FOR  shift 30
	SWITCH  shift 18
	VAR  shift 21
	.  error

	variable  goto 19
	switch  goto 16
	statement  goto 17
	index  goto 20

state 203
	statements:  statements.NEWLINE 
	statements:  statements.switch 
	statements:  statements.statement NEWLINE 
	statement:  FOR IDENT COMMA IDENT IN expr LBRACE statements.RBRACE 

	IDENT  shift 31
	CALL  shift 28
	CALLCONTRACT  shift 29
	INDEX  shift 32
	NEWLINE  shift 15
	RBRACE  shift 208
	BREAK  shift 23
	CONTINUE  shift 24
	IF  shift 22
	RETURN  shift 25
	WHILE  shift 26
	FUNC  shift 27
	FOR  shift 30
	SWITCH  shift 18
	VAR  shift 21
	.  error

	variable  goto 19
	switch  goto 16
	statement  goto 17
	index  goto 20

state 204
	case:  case CASE exprlist LBRACE statements RBRACE.NEWLINE 

	NEWLINE  shift 209
	.  error


state 205
	elif:  elif ELIF expr LBRACE.statements RBRACE 
	statements: .    (1)

	.  reduce 1 (src line 129)

	statements  goto 210

state 206
	statements:  statements.NEWLINE 
	statements:  statements.switch 
	statements:  statements.statement NEWLINE 
	else:  ELSE LBRACE statements.RBRACE 

	IDENT  shift 31
	CALL  shift 28
	CALLCONTRACT  shift 29
	INDEX  shift 32
	NEWLINE  shift 15
	RBRACE  shift 211
	BREAK  shift 23
	CONTINUE  shift 24
	IF  shift 22
	RETURN  shift 25
	WHILE  shift 26
	FUNC  shift 27
	FOR  shift 30
	SWITCH  shift 18
	VAR  shift 21
	.  error

	variable  goto 19
	switch  goto 16
	statement  goto 17
	index  goto 20

state 207
	statement:  FOR IDENT IN expr DOUBLEDOT expr LBRACE statements RBRACE.    (43)

	.  reduce 43 (src line 202)


state 208
	statement:  FOR IDENT COMMA IDENT IN expr LBRACE statements RBRACE.    (42)

	.  reduce 42 (src line 201)


state 209
	case:  case CASE exprlist LBRACE statements RBRACE NEWLINE.    (19)

	.  reduce 19 (src line 167)


state 210
	statements:  statements.NEWLINE 
	statements:  statements.switch 
	statements:  statements.statement NEWLINE 
	elif:  elif ELIF expr LBRACE statements.RBRACE 

	IDENT  shift 31
	CALL  shift 28
	CALLCONTRACT  shift 29
	INDEX  shift 32
	NEWLINE  shift 15
	RBRACE  shift 212
	BREAK  shift 23
	CONTINUE  shift 24
	IF  shift 22
	RETURN  shift 25
	WHILE  shift 26
	FUNC  shift 27
	FOR  shift 30
	SWITCH  shift 18
	VAR  shift 21
	.  error

	variable  goto 19
	switch  goto 16
	statement  goto 17
	index  goto 20

state 211
	else:  ELSE LBRACE statements RBRACE.    (15)

	.  reduce 15 (src line 157)


state 212
	elif:  elif ELIF expr LBRACE statements RBRACE.    (17)

	.  reduce 17 (src line 162)


66 terminals, 24 nonterminals
95 grammar rules, 213/8000 states
0 shift/reduce, 0 reduce/reduce conflicts reported
73 working sets used
memory: parser 133/120000
64 extra closures
1421 shift entries, 1 exceptions
95 goto entries
77 entries saved by goto default
Optimizer space used: output 831/120000
831 table entries, 285 zero
maximum spread: 64, maximum offset: 210
